2018-01-10 22:41:26,532 - __main__ - WARNING - 打开浏览器
2018-01-10 22:41:27,760 - __main__ - WARNING - 最大化浏览器
2018-01-10 22:41:29,281 - __main__ - WARNING - 打开百度首页
2018-01-10 22:41:30,288 - __main__ - WARNING - 暂停一秒
2018-01-10 22:41:33,442 - __main__ - WARNING - 关闭浏览器
2018-01-10 22:46:11,485 - __main__ - WARNING - 打开浏览器
2018-01-10 22:46:12,657 - __main__ - WARNING - 最大化浏览器
2018-01-10 22:46:14,500 - __main__ - WARNING - 打开百度首页
2018-01-10 22:46:15,506 - __main__ - WARNING - 暂停一秒
2018-01-10 22:46:18,667 - __main__ - WARNING - 关闭浏览器
2018-01-10 22:47:19,094 - C:/Users/Ulrica/PycharmProjects/dayinlog/test/printdemo.py - WARNING - 打开浏览器
2018-01-10 22:47:20,294 - C:/Users/Ulrica/PycharmProjects/dayinlog/test/printdemo.py - WARNING - 最大化浏览器
2018-01-10 22:47:21,833 - C:/Users/Ulrica/PycharmProjects/dayinlog/test/printdemo.py - WARNING - 打开百度首页
2018-01-10 22:47:22,854 - C:/Users/Ulrica/PycharmProjects/dayinlog/test/printdemo.py - WARNING - 暂停一秒
2018-01-10 22:47:25,975 - C:/Users/Ulrica/PycharmProjects/dayinlog/test/printdemo.py - WARNING - 关闭浏览器
2018-01-10 22:57:51,473 - C:/Users/Ulrica/PycharmProjects/dayinlog/test/printdemo.py - DEBUG - 打开浏览器
2018-01-10 22:57:52,637 - C:/Users/Ulrica/PycharmProjects/dayinlog/test/printdemo.py - WARNING - 最大化浏览器
2018-01-10 22:57:54,169 - C:/Users/Ulrica/PycharmProjects/dayinlog/test/printdemo.py - WARNING - 打开百度首页
2018-01-10 22:57:55,171 - C:/Users/Ulrica/PycharmProjects/dayinlog/test/printdemo.py - WARNING - 暂停一秒
2018-01-10 22:57:58,313 - C:/Users/Ulrica/PycharmProjects/dayinlog/test/printdemo.py - WARNING - 关闭浏览器
